2021-04-27 12:10:12,663 INFO Set uid to user 0 succeeded
2021-04-27 12:10:12,666 INFO supervisord started with pid 17
2021-04-27 12:10:13,670 INFO spawned: 'php' with pid 19
2021-04-27 12:10:15,326 INFO success: php entered RUNNING state, process has stayed up for > than 1 seconds (startsecs)
2021-04-27 12:22:17,289 INFO Set uid to user 0 succeeded
2021-04-27 12:22:17,293 INFO supervisord started with pid 17
2021-04-27 12:22:18,297 INFO spawned: 'php' with pid 19
2021-04-27 12:22:19,355 INFO success: php entered RUNNING state, process has stayed up for > than 1 seconds (startsecs)
2021-04-27 12:22:19,355 INFO exited: php (exit status 255; not expected)
2021-04-27 12:22:20,359 INFO spawned: 'php' with pid 20
2021-04-27 12:22:21,416 INFO success: php entered RUNNING state, process has stayed up for > than 1 seconds (startsecs)
2021-04-27 12:22:21,416 INFO exited: php (exit status 255; not expected)
2021-04-27 12:22:22,419 INFO spawned: 'php' with pid 21
2021-04-27 12:22:23,473 INFO success: php entered RUNNING state, process has stayed up for > than 1 seconds (startsecs)
2021-04-27 12:22:23,474 INFO exited: php (exit status 255; not expected)
2021-04-27 12:22:24,476 INFO spawned: 'php' with pid 22
2021-04-27 12:22:25,528 INFO success: php entered RUNNING state, process has stayed up for > than 1 seconds (startsecs)
2021-04-27 12:22:25,529 INFO exited: php (exit status 255; not expected)
2021-04-27 12:22:26,531 INFO spawned: 'php' with pid 23
2021-04-27 12:22:27,582 INFO success: php entered RUNNING state, process has stayed up for > than 1 seconds (startsecs)
2021-04-27 12:22:27,583 INFO exited: php (exit status 255; not expected)
2021-04-27 12:22:28,589 INFO spawned: 'php' with pid 24
2021-04-27 12:22:29,636 INFO success: php entered RUNNING state, process has stayed up for > than 1 seconds (startsecs)
2021-04-27 12:22:29,637 INFO exited: php (exit status 255; not expected)
2021-04-27 12:22:30,642 INFO spawned: 'php' with pid 25
2021-04-27 12:22:31,696 INFO success: php entered RUNNING state, process has stayed up for > than 1 seconds (startsecs)
2021-04-27 12:22:31,697 INFO exited: php (exit status 255; not expected)
2021-04-27 12:22:32,701 INFO spawned: 'php' with pid 26
2021-04-27 12:22:33,759 INFO success: php entered RUNNING state, process has stayed up for > than 1 seconds (startsecs)
2021-04-27 12:22:33,759 INFO exited: php (exit status 255; not expected)
2021-04-27 12:22:34,763 INFO spawned: 'php' with pid 27
2021-04-27 12:22:35,829 INFO success: php entered RUNNING state, process has stayed up for > than 1 seconds (startsecs)
2021-04-27 12:22:35,829 INFO exited: php (exit status 255; not expected)
2021-04-27 12:22:36,832 INFO spawned: 'php' with pid 28
2021-04-27 12:22:37,889 INFO success: php entered RUNNING state, process has stayed up for > than 1 seconds (startsecs)
2021-04-27 12:22:37,889 INFO exited: php (exit status 255; not expected)
2021-04-27 12:22:38,893 INFO spawned: 'php' with pid 29
2021-04-27 12:22:39,948 INFO success: php entered RUNNING state, process has stayed up for > than 1 seconds (startsecs)
2021-04-27 12:22:39,948 INFO exited: php (exit status 255; not expected)
2021-04-27 12:22:40,951 INFO spawned: 'php' with pid 30
2021-04-27 12:23:30,879 INFO Set uid to user 0 succeeded
2021-04-27 12:23:30,886 INFO supervisord started with pid 16
2021-04-27 12:23:31,890 INFO spawned: 'php' with pid 18
2021-04-27 12:23:33,544 INFO success: php entered RUNNING state, process has stayed up for > than 1 seconds (startsecs)
